<?xml version="1.0" encoding="UTF-8"?>
<!-- Generated by org.testng.reporters.JUnitReportReporter -->
<testsuite hostname="LAPTOP-VH36USAN" failures="0" tests="2" name="RestAssuredTest.RestAssuredTest.cookiesAndHeaders" time="2.169" errors="0" timestamp="20 Apr 2024 15:14:43 GMT" skipped="0">
  <testcase classname="RestAssuredTest.RestAssuredTest.cookiesAndHeaders" name="getHeaders" time="1.272"/>
  <testcase classname="RestAssuredTest.RestAssuredTest.cookiesAndHeaders" name="testHeaders" time="0.897"/>
</testsuite> <!-- RestAssuredTest.RestAssuredTest.cookiesAndHeaders -->
