<?xml version="1.0" encoding="UTF-8"?>
<!-- Generated by org.testng.reporters.JUnitReportReporter -->
<testsuite hostname="LAPTOP-VH36USAN" failures="0" tests="1" name="RestAssuredTest.RestAssuredTest.HttpRequest" time="2.071" errors="0" timestamp="20 Apr 2024 15:14:26 GMT" skipped="0">
  <testcase classname="RestAssuredTest.RestAssuredTest.HttpRequest" name="createUser" time="2.071"/>
</testsuite> <!-- RestAssuredTest.RestAssuredTest.HttpRequest -->
