<?xml version="1.0" encoding="UTF-8"?>
<!-- Generated by org.testng.reporters.JUnitReportReporter -->
<testsuite hostname="LAPTOP-VH36USAN" failures="0" tests="1" name="RestAssuredTest.RestAssuredTest.DifferentAuthenticationMethods" time="1.317" errors="0" timestamp="21 Apr 2024 06:57:04 GMT" skipped="0">
  <testcase classname="RestAssuredTest.RestAssuredTest.DifferentAuthenticationMethods" name="testOAuth2Authentication" time="1.317"/>
</testsuite> <!-- RestAssuredTest.RestAssuredTest.DifferentAuthenticationMethods -->
