<?xml version="1.0" encoding="UTF-8"?>
<!-- Generated by org.testng.reporters.JUnitReportReporter -->
<testsuite hostname="LAPTOP-VH36USAN" failures="0" tests="1" name="chaining.updateUser" time="1.147" errors="0" timestamp="21 Apr 2024 10:31:03 GMT" skipped="0">
  <testcase classname="chaining.updateUser" name="test_createUser" time="1.147"/>
</testsuite> <!-- chaining.updateUser -->
