<?xml version="1.0" encoding="UTF-8"?>
<!-- Generated by org.testng.reporters.JUnitReportReporter -->
<testsuite hostname="LAPTOP-VH36USAN" failures="0" tests="1" name="RestAssuredTest.RestAssuredTest.differenentMethodsOfPost" time="1.901" errors="0" timestamp="20 Apr 2024 13:50:20 GMT" skipped="0">
  <testcase classname="RestAssuredTest.RestAssuredTest.differenentMethodsOfPost" name="createUserUsingExternalJsonFile" time="1.901"/>
</testsuite> <!-- RestAssuredTest.RestAssuredTest.differenentMethodsOfPost -->
