<?xml version="1.0" encoding="UTF-8"?>
<!-- Generated by org.testng.reporters.JUnitReportReporter -->
<testsuite hostname="LAPTOP-VH36USAN" failures="0" tests="1" name="chaining.deleteUser" time="1.114" errors="0" timestamp="21 Apr 2024 10:31:03 GMT" skipped="0">
  <testcase classname="chaining.deleteUser" name="getUser" time="1.114"/>
</testsuite> <!-- chaining.deleteUser -->
