<?xml version="1.0" encoding="UTF-8"?>
<!-- Generated by org.testng.reporters.JUnitReportReporter -->
<testsuite hostname="LAPTOP-VH36USAN" failures="0" tests="1" name="RestAssuredTest.RestAssuredTest.PathAndQuerryParameter" time="1.469" errors="0" timestamp="21 Apr 2024 09:10:23 GMT" skipped="0">
  <testcase classname="RestAssuredTest.RestAssuredTest.PathAndQuerryParameter" name="testQueryAndPathParameter" time="1.469"/>
</testsuite> <!-- RestAssuredTest.RestAssuredTest.PathAndQuerryParameter -->
