<?xml version="1.0" encoding="UTF-8"?>
<!-- Generated by org.testng.reporters.JUnitReportReporter -->
<testsuite skipped="0" hostname="LAPTOP-VH36USAN" name="RestAssuredTest.RestAssuredTest.cookiesAndHeaders" tests="2" failures="0" timestamp="20 Apr 2024 15:15:40 GMT" time="1.750" errors="0">
  <testcase name="getHeaders" time="1.234" classname="RestAssuredTest.RestAssuredTest.cookiesAndHeaders"/>
  <testcase name="testHeaders" time="0.516" classname="RestAssuredTest.RestAssuredTest.cookiesAndHeaders"/>
</testsuite> <!-- RestAssuredTest.RestAssuredTest.cookiesAndHeaders -->
