<?xml version="1.0" encoding="UTF-8"?>
<!-- Generated by org.testng.reporters.JUnitReportReporter -->
<testsuite skipped="0" hostname="LAPTOP-VH36USAN" name="RestAssuredTest.RestAssuredTest.HttpRequest" tests="1" failures="0" timestamp="20 Apr 2024 15:15:40 GMT" time="2.017" errors="0">
  <testcase name="createUser" time="2.017" classname="RestAssuredTest.RestAssuredTest.HttpRequest"/>
</testsuite> <!-- RestAssuredTest.RestAssuredTest.HttpRequest -->
